[0.008s] Invoking command in '/home/michael/ros2_ws/src/EasyBot/build/easyrobot': CMAKE_PREFIX_PATH=${CMAKE_PREFIX_PATH}:/opt/ros/jazzy DEBUGINFOD_URLS=https://debuginfod.ubuntu.com /usr/bin/cmake /home/michael/ros2_ws/src/EasyBot/EasyRobot/easyrobot -DCMAKE_INSTALL_PREFIX=/home/michael/ros2_ws/src/EasyBot/install/easyrobot
[0.087s] -- The C compiler identification is GNU 13.3.0
[0.158s] -- The CXX compiler identification is GNU 13.3.0
[0.172s] -- Detecting C compiler ABI info
[0.239s] -- Detecting C compiler ABI info - done
[0.246s] -- Check for working C compiler: /usr/bin/cc - skipped
[0.246s] -- Detecting C compile features
[0.246s] -- Detecting C compile features - done
[0.254s] -- Detecting CXX compiler ABI info
[0.326s] -- Detecting CXX compiler ABI info - done
[0.333s] -- Check for working CXX compiler: /usr/bin/c++ - skipped
[0.333s] -- Detecting CXX compile features
[0.333s] -- Detecting CXX compile features - done
[0.338s] -- Found ament_cmake: 2.5.3 (/opt/ros/jazzy/share/ament_cmake/cmake)
[0.454s] -- Found Python3: /usr/bin/python3 (found version "3.12.3") found components: Interpreter 
[0.560s] -- Found ament_lint_auto: 0.17.1 (/opt/ros/jazzy/share/ament_lint_auto/cmake)
[0.647s] -- Added test 'flake8' to check Python code syntax and style conventions
[0.647s] -- Configured 'flake8' exclude dirs and/or files: 
[0.648s] -- Added test 'lint_cmake' to check CMake code style
[0.649s] -- Added test 'pep257' to check Python code against some of the docstring style conventions in PEP 257
[0.650s] -- Added test 'xmllint' to check XML markup files
[0.651s] -- Configuring done (0.6s)
[0.653s] -- Generating done (0.0s)
[0.654s] -- Build files have been written to: /home/michael/ros2_ws/src/EasyBot/build/easyrobot
[0.658s] Invoked command in '/home/michael/ros2_ws/src/EasyBot/build/easyrobot' returned '0': CMAKE_PREFIX_PATH=${CMAKE_PREFIX_PATH}:/opt/ros/jazzy DEBUGINFOD_URLS=https://debuginfod.ubuntu.com /usr/bin/cmake /home/michael/ros2_ws/src/EasyBot/EasyRobot/easyrobot -DCMAKE_INSTALL_PREFIX=/home/michael/ros2_ws/src/EasyBot/install/easyrobot
[0.659s] Invoking command in '/home/michael/ros2_ws/src/EasyBot/build/easyrobot': CMAKE_PREFIX_PATH=${CMAKE_PREFIX_PATH}:/opt/ros/jazzy DEBUGINFOD_URLS=https://debuginfod.ubuntu.com /usr/bin/cmake --build /home/michael/ros2_ws/src/EasyBot/build/easyrobot -- -j8 -l8
[0.688s] Invoked command in '/home/michael/ros2_ws/src/EasyBot/build/easyrobot' returned '0': CMAKE_PREFIX_PATH=${CMAKE_PREFIX_PATH}:/opt/ros/jazzy DEBUGINFOD_URLS=https://debuginfod.ubuntu.com /usr/bin/cmake --build /home/michael/ros2_ws/src/EasyBot/build/easyrobot -- -j8 -l8
[0.695s] Invoking command in '/home/michael/ros2_ws/src/EasyBot/build/easyrobot': CMAKE_PREFIX_PATH=${CMAKE_PREFIX_PATH}:/opt/ros/jazzy DEBUGINFOD_URLS=https://debuginfod.ubuntu.com /usr/bin/cmake --install /home/michael/ros2_ws/src/EasyBot/build/easyrobot
[0.701s] -- Install configuration: ""
[0.701s] -- Installing: /home/michael/ros2_ws/src/EasyBot/install/easyrobot/share/easyrobot//launch
[0.701s] -- Installing: /home/michael/ros2_ws/src/EasyBot/install/easyrobot/share/easyrobot//launch/gz.launch.py
[0.701s] -- Installing: /home/michael/ros2_ws/src/EasyBot/install/easyrobot/share/easyrobot//launch/display.launch.py
[0.701s] -- Installing: /home/michael/ros2_ws/src/EasyBot/install/easyrobot/share/easyrobot//urdf
[0.701s] -- Installing: /home/michael/ros2_ws/src/EasyBot/install/easyrobot/share/easyrobot//urdf/easyrobot.urdf
[0.701s] -- Installing: /home/michael/ros2_ws/src/EasyBot/install/easyrobot/share/easyrobot//urdf/gzbot.urdf
[0.701s] -- Installing: /home/michael/ros2_ws/src/EasyBot/install/easyrobot/share/easyrobot//config
[0.701s] -- Installing: /home/michael/ros2_ws/src/EasyBot/install/easyrobot/share/easyrobot//config/easyrobot.rviz
[0.701s] -- Installing: /home/michael/ros2_ws/src/EasyBot/install/easyrobot/share/ament_index/resource_index/package_run_dependencies/easyrobot
[0.702s] -- Installing: /home/michael/ros2_ws/src/EasyBot/install/easyrobot/share/ament_index/resource_index/parent_prefix_path/easyrobot
[0.702s] -- Installing: /home/michael/ros2_ws/src/EasyBot/install/easyrobot/share/easyrobot/environment/ament_prefix_path.sh
[0.702s] -- Installing: /home/michael/ros2_ws/src/EasyBot/install/easyrobot/share/easyrobot/environment/ament_prefix_path.dsv
[0.702s] -- Installing: /home/michael/ros2_ws/src/EasyBot/install/easyrobot/share/easyrobot/environment/path.sh
[0.702s] -- Installing: /home/michael/ros2_ws/src/EasyBot/install/easyrobot/share/easyrobot/environment/path.dsv
[0.702s] -- Installing: /home/michael/ros2_ws/src/EasyBot/install/easyrobot/share/easyrobot/local_setup.bash
[0.702s] -- Installing: /home/michael/ros2_ws/src/EasyBot/install/easyrobot/share/easyrobot/local_setup.sh
[0.702s] -- Installing: /home/michael/ros2_ws/src/EasyBot/install/easyrobot/share/easyrobot/local_setup.zsh
[0.702s] -- Installing: /home/michael/ros2_ws/src/EasyBot/install/easyrobot/share/easyrobot/local_setup.dsv
[0.702s] -- Installing: /home/michael/ros2_ws/src/EasyBot/install/easyrobot/share/easyrobot/package.dsv
[0.702s] -- Installing: /home/michael/ros2_ws/src/EasyBot/install/easyrobot/share/ament_index/resource_index/packages/easyrobot
[0.702s] -- Installing: /home/michael/ros2_ws/src/EasyBot/install/easyrobot/share/easyrobot/cmake/easyrobotConfig.cmake
[0.702s] -- Installing: /home/michael/ros2_ws/src/EasyBot/install/easyrobot/share/easyrobot/cmake/easyrobotConfig-version.cmake
[0.702s] -- Installing: /home/michael/ros2_ws/src/EasyBot/install/easyrobot/share/easyrobot/package.xml
[0.704s] Invoked command in '/home/michael/ros2_ws/src/EasyBot/build/easyrobot' returned '0': CMAKE_PREFIX_PATH=${CMAKE_PREFIX_PATH}:/opt/ros/jazzy DEBUGINFOD_URLS=https://debuginfod.ubuntu.com /usr/bin/cmake --install /home/michael/ros2_ws/src/EasyBot/build/easyrobot
